<?xml version="1.0" encoding="UTF-8"?>
<!-- Generated by org.testng.reporters.JUnitXMLReporter -->
<testsuite hostname="Amar" ignored="0" name="Test" tests="2" failures="1" timestamp="04 Feb 2021 07:40:42 GMT" time="31.846" errors="0">
  <testcase name="login1" time="22.021" classname="pac.HomePage">
    <failure type="java.lang.AssertionError" message="expected [Book Bus Travels, AC Volvo Bus, rPool &amp;amp; Bus Hire - redBus India] but found [Book Bus Travels, AC Volvo Bus, rPool &amp;amp; Bus Hire - redBus Indi]">
      <![CDATA[java.lang.AssertionError: expected [Book Bus Travels, AC Volvo Bus, rPool & Bus Hire - redBus India] but found [Book Bus Travels, AC Volvo Bus, rPool & Bus Hire - redBus Indi]at pac.HomePage.login1(HomePage.java:20)... Removed 31 stack frames]]>
    </failure>
  </testcase> <!-- login1 -->
  <testcase name="login1" time="9.775" classname="pac.Login"/>
</testsuite> <!-- Test -->
