<?xml version="1.0" encoding="UTF-8"?>
<testng-results skipped="0" failed="0" ignored="0" total="2" passed="2">
  <reporter-output>
  </reporter-output>
  <suite name="Suite" duration-ms="37422" started-at="2021-02-04T10:25:39Z" finished-at="2021-02-04T10:26:16Z">
    <groups>
    </groups>
    <test name="Test" duration-ms="37422" started-at="2021-02-04T10:25:39Z" finished-at="2021-02-04T10:26:16Z">
      <class name="pac.Login">
        <test-method status="PASS" signature="login2()[pri:0, instance:pac.Login@457e2f02]" name="login2" duration-ms="22382" started-at="2021-02-04T15:55:54Z" finished-at="2021-02-04T15:56:16Z">
          <reporter-output>
          </reporter-output>
        </test-method> <!-- login2 -->
      </class> <!-- pac.Login -->
      <class name="pac.HomePage">
        <test-method status="PASS" signature="login1()[pri:0, instance:pac.HomePage@1b604f19]" name="login1" duration-ms="14958" started-at="2021-02-04T15:55:39Z" finished-at="2021-02-04T15:55:54Z">
          <reporter-output>
          </reporter-output>
        </test-method> <!-- login1 -->
      </class> <!-- pac.HomePage -->
    </test> <!-- Test -->
  </suite> <!-- Suite -->
</testng-results>
